<?xml version="1.0" encoding="UTF-8"?>
<testng-results ignored="0" total="1" passed="1" failed="0" skipped="0">
  <reporter-output>
  </reporter-output>
  <suite started-at="2022-09-20T16:43:50 IST" name="Default suite" finished-at="2022-09-20T16:44:16 IST" duration-ms="25961">
    <groups>
    </groups>
    <test started-at="2022-09-20T16:43:50 IST" name="Default test" finished-at="2022-09-20T16:44:16 IST" duration-ms="25961">
      <class name="testng_practice.FetchdatafromcmdTest">
        <test-method signature="step1Test()[pri:0, instance:testng_practice.FetchdatafromcmdTest@7c24b813]" started-at="2022-09-20T16:43:50 IST" name="step1Test" finished-at="2022-09-20T16:44:16 IST" duration-ms="25841" status="PASS">
          <reporter-output>
          </reporter-output>
        </test-method> <!-- step1Test -->
      </class> <!-- testng_practice.FetchdatafromcmdTest -->
    </test> <!-- Default test -->
  </suite> <!-- Default suite -->
</testng-results>
